0 info it worked if it ends with ok
1 verbose cli [ '/usr/local/bin/node', '/usr/local/bin/npm', 'publish', './' ]
2 info using npm@3.10.10
3 info using node@v6.11.3
4 verbose publish [ './' ]
5 silly cache add args [ './', null ]
6 verbose cache add spec ./
7 silly cache add parsed spec Result {
7 silly cache add   raw: './',
7 silly cache add   scope: null,
7 silly cache add   escapedName: null,
7 silly cache add   name: null,
7 silly cache add   rawSpec: './',
7 silly cache add   spec: '/Users/wesjones/Projects/wes/maze-coder',
7 silly cache add   type: 'directory' }
8 verbose addLocalDirectory /Users/wesjones/.npm/maze-coder/1.0.3/package.tgz not in flight; packing
9 verbose correctMkdir /Users/wesjones/.npm correctMkdir not in flight; initializing
10 info lifecycle maze-coder@1.0.3~prepublish: maze-coder@1.0.3
11 silly lifecycle maze-coder@1.0.3~prepublish: no script for prepublish, continuing
12 verbose tar pack [ '/Users/wesjones/.npm/maze-coder/1.0.3/package.tgz',
12 verbose tar pack   '/Users/wesjones/Projects/wes/maze-coder' ]
13 verbose tarball /Users/wesjones/.npm/maze-coder/1.0.3/package.tgz
14 verbose folder /Users/wesjones/Projects/wes/maze-coder
15 verbose addLocalTarball adding from inside cache /Users/wesjones/.npm/maze-coder/1.0.3/package.tgz
16 verbose correctMkdir /Users/wesjones/.npm correctMkdir not in flight; initializing
17 silly cache afterAdd maze-coder@1.0.3
18 verbose afterAdd /Users/wesjones/.npm/maze-coder/1.0.3/package/package.json not in flight; writing
19 verbose correctMkdir /Users/wesjones/.npm correctMkdir not in flight; initializing
20 verbose afterAdd /Users/wesjones/.npm/maze-coder/1.0.3/package/package.json written
21 silly publish { name: 'maze-coder',
21 silly publish   url: 'https://github.com/wesjones/maze-coder',
21 silly publish   version: '1.0.3',
21 silly publish   description: 'Generate games to be solved with child coding',
21 silly publish   main: 'dist',
21 silly publish   scripts: { dev: 'lite-server' },
21 silly publish   author: { name: 'Wes Jones' },
21 silly publish   email: 'cybus10@gmail.com',
21 silly publish   license: 'ISC',
21 silly publish   devDependencies:
21 silly publish    { grunt: '^1.0.1',
21 silly publish      'grunt-contrib-copy': '^1.0.0',
21 silly publish      'grunt-contrib-less': '^1.4.1',
21 silly publish      'lite-server': '^2.3.0',
21 silly publish      'load-grunt-tasks': '^3.5.2' },
21 silly publish   dependencies: { hbjs: '^0.22.10', 'obelisk.js': '^1.2.2' },
21 silly publish   readme: '# maze-coder\nsolve mazes by programming.\n',
21 silly publish   readmeFilename: 'README.md',
21 silly publish   gitHead: '6898562c1d7e804e3d250296ce48c552c1531768',
21 silly publish   _id: 'maze-coder@1.0.3',
21 silly publish   _shasum: 'edbe325794d40ab954e558f0872206b3190b369f',
21 silly publish   _from: '.' }
22 verbose getPublishConfig undefined
23 silly mapToRegistry name maze-coder
24 silly mapToRegistry using default registry
25 silly mapToRegistry registry https://registry.npmjs.org/
26 silly mapToRegistry data Result {
26 silly mapToRegistry   raw: 'maze-coder',
26 silly mapToRegistry   scope: null,
26 silly mapToRegistry   escapedName: 'maze-coder',
26 silly mapToRegistry   name: 'maze-coder',
26 silly mapToRegistry   rawSpec: '',
26 silly mapToRegistry   spec: 'latest',
26 silly mapToRegistry   type: 'tag' }
27 silly mapToRegistry uri https://registry.npmjs.org/maze-coder
28 verbose publish registryBase https://registry.npmjs.org/
29 silly publish uploading /Users/wesjones/.npm/maze-coder/1.0.3/package.tgz
30 verbose request uri https://registry.npmjs.org/maze-coder
31 verbose request sending authorization for write operation
32 info attempt registry request try #1 at 7:46:54 PM
33 verbose request using bearer token for auth
34 verbose request id 689682d236d46f5d
35 http request PUT https://registry.npmjs.org/maze-coder
36 http 403 https://registry.npmjs.org/maze-coder
37 verbose headers { 'content-type': 'application/json',
37 verbose headers   'cache-control': 'max-age=300',
37 verbose headers   'content-length': '91',
37 verbose headers   'accept-ranges': 'bytes',
37 verbose headers   date: 'Wed, 17 Jan 2018 02:46:55 GMT',
37 verbose headers   via: '1.1 varnish',
37 verbose headers   connection: 'keep-alive',
37 verbose headers   'x-served-by': 'cache-dfw18636-DFW',
37 verbose headers   'x-cache': 'MISS',
37 verbose headers   'x-cache-hits': '0',
37 verbose headers   'x-timer': 'S1516157214.448814,VS0,VE1237',
37 verbose headers   vary: 'Accept-Encoding, Accept' }
38 verbose request invalidating /Users/wesjones/.npm/registry.npmjs.org/maze-coder on PUT
39 error publish Failed PUT 403
40 verbose stack Error: You cannot publish over the previously published version 1.0.3. : maze-coder
40 verbose stack     at makeError (/usr/local/lib/node_modules/npm/node_modules/npm-registry-client/lib/request.js:302:12)
40 verbose stack     at CachingRegistryClient.<anonymous> (/usr/local/lib/node_modules/npm/node_modules/npm-registry-client/lib/request.js:290:14)
40 verbose stack     at Request._callback (/usr/local/lib/node_modules/npm/node_modules/npm-registry-client/lib/request.js:210:14)
40 verbose stack     at Request.self.callback (/usr/local/lib/node_modules/npm/node_modules/request/request.js:187:22)
40 verbose stack     at emitTwo (events.js:106:13)
40 verbose stack     at Request.emit (events.js:191:7)
40 verbose stack     at Request.<anonymous> (/usr/local/lib/node_modules/npm/node_modules/request/request.js:1048:10)
40 verbose stack     at emitOne (events.js:96:13)
40 verbose stack     at Request.emit (events.js:188:7)
40 verbose stack     at IncomingMessage.<anonymous> (/usr/local/lib/node_modules/npm/node_modules/request/request.js:969:12)
41 verbose statusCode 403
42 verbose pkgid maze-coder
43 verbose cwd /Users/wesjones/Projects/wes/maze-coder
44 error Darwin 17.3.0
45 error argv "/usr/local/bin/node" "/usr/local/bin/npm" "publish" "./"
46 error node v6.11.3
47 error npm  v3.10.10
48 error code E403
49 error You cannot publish over the previously published version 1.0.3. : maze-coder
50 error If you need help, you may report this error at:
50 error     <https://github.com/npm/npm/issues>
51 verbose exit [ 1, true ]
